#
# There is insufficient memory for the Java Runtime Environment to continue.
# Native memory allocation (mmap) failed to map 2064384 bytes for G1 virtual space
# Possible reasons:
#   The system is out of physical RAM or swap space
#   The process is running with CompressedOops enabled, and the Java Heap may be blocking the growth of the native heap
# Possible solutions:
#   Reduce memory load on the system
#   Increase physical memory or swap space
#   Check if swap backing store is full
#   Decrease Java heap size (-Xmx/-Xms)
#   Decrease number of Java threads
#   Decrease Java thread stack sizes (-Xss)
#   Set larger code cache with -XX:ReservedCodeCacheSize=
#   JVM is running with Unscaled Compressed Oops mode in which the Java heap is
#     placed in the first 4GB address space. The Java Heap base address is the
#     maximum limit for the native heap growth. Please use -XX:HeapBaseMinAddress
#     to set the Java Heap base and to place the Java Heap above 4GB virtual address.
# This output file may be truncated or incomplete.
#
#  Out of Memory Error (os_windows.cpp:3548), pid=17624, tid=17696
#
# JRE version:  (17.0.5+8) (build )
# Java VM: OpenJDK 64-Bit Server VM (17.0.5+8, mixed mode, sharing, tiered, compressed oops, compressed class ptrs, g1 gc, windows-amd64)
# No core dump will be written. Minidumps are not enabled by default on client versions of Windows
#

---------------  S U M M A R Y ------------

Command Line: -Dfile.encoding=UTF-8 -XX:+ShowCodeDetailsInExceptionMessages Vacant

Host: Intel(R) Core(TM) i5-8365U CPU @ 1.60GHz, 8 cores, 7G,  Windows 10 , 64 bit Build 19041 (10.0.19041.2364)
Time: Mon Jan  2 22:23:03 2023 Pakistan Standard Time elapsed time: 0.032259 seconds (0d 0h 0m 0s)

---------------  T H R E A D  ---------------

Current thread (0x000001f030c4b360):  JavaThread "Unknown thread" [_thread_in_vm, id=17696, stack(0x000000936c000000,0x000000936c100000)]

Stack: [0x000000936c000000,0x000000936c100000]
Native frames: (J=compiled Java code, j=interpreted, Vv=VM code, C=native code)
V  [jvm.dll+0x676b3a]
V  [jvm.dll+0x831444]
V  [jvm.dll+0x832bee]
V  [jvm.dll+0x833253]
V  [jvm.dll+0x244ce5]
V  [jvm.dll+0x673a49]
V  [jvm.dll+0x66811a]
V  [jvm.dll+0x303ceb]
V  [jvm.dll+0x30b1e6]
V  [jvm.dll+0x35ade8]
V  [jvm.dll+0x35afef]
V  [jvm.dll+0x2dab88]
V  [jvm.dll+0x2dbaf4]
V  [jvm.dll+0x803121]
V  [jvm.dll+0x368bb1]
V  [jvm.dll+0x7e265c]
V  [jvm.dll+0x3eb17f]
V  [jvm.dll+0x3eccc1]
C  [jli.dll+0x5267]
C  [ucrtbase.dll+0x21bb2]
C  [KERNEL32.DLL+0x17614]
C  [ntdll.dll+0x526a1]


---------------  P R O C E S S  ---------------

Threads class SMR info:
_java_thread_list=0x00007ffc9d9a2f18, length=0, elements={
}

Java Threads: ( => current thread )

Other Threads:
  0x000001f030ca5b00 GCTaskThread "GC Thread#0" [stack: 0x000000936c100000,0x000000936c200000] [id=17700]
  0x000001f030cb6350 ConcurrentGCThread "G1 Main Marker" [stack: 0x000000936c200000,0x000000936c300000] [id=17704]
  0x000001f030cb7410 ConcurrentGCThread "G1 Conc#0" [stack: 0x000000936c300000,0x000000936c400000] [id=17708]

[error occurred during error reporting (printing all threads), id 0xc0000005, EXCEPTION_ACCESS_VIOLATION (0xc0000005) at pc=0x00007ffc9d17b617]

VM state: not at safepoint (not fully initialized)

VM Mutex/Monitor currently owned by a thread:  ([mutex/lock_event])
[0x000001f030c468f0] Heap_lock - owner thread: 0x000001f030c4b360

Heap address: 0x0000000083000000, size: 2000 MB, Compressed Oops mode: 32-bit

CDS archive(s) mapped at: [0x0000000000000000-0x0000000000000000-0x0000000000000000), size 0, SharedBaseAddress: 0x0000000800000000, ArchiveRelocationMode: 0.
Narrow klass base: 0x0000000000000000, Narrow klass shift: 0, Narrow klass range: 0x0

GC Precious Log:
<Empty>

Heap:
 garbage-first heap   total 0K, used 0K [0x0000000083000000, 0x0000000100000000)
  region size 1024K, 0 young (0K), 0 survivors (0K)

[error occurred during error reporting (printing heap information), id 0xc0000005, EXCEPTION_ACCESS_VIOLATION (0xc0000005) at pc=0x00007ffc9d55fcb9]

GC Heap History (0 events):
No events

Dll operation events (1 events):
Event: 0.018 Loaded shared library C:\Users\Dark Horse\.p2\pool\plugins\org.eclipse.justj.openjdk.hotspot.jre.full.win32.x86_64_17.0.5.v20221102-0933\jre\bin\java.dll

Deoptimization events (0 events):
No events

Classes unloaded (0 events):
No events

Classes redefined (0 events):
No events

Internal exceptions (0 events):
No events

VM Operations (0 events):
No events

Events (0 events):
No events


Dynamic libraries:
0x00007ff768760000 - 0x00007ff76876e000 	C:\Users\Dark Horse\.p2\pool\plugins\org.eclipse.justj.openjdk.hotspot.jre.full.win32.x86_64_17.0.5.v20221102-0933\jre\bin\javaw.exe
0x00007ffcdf910000 - 0x00007ffcdfb08000 	C:\Windows\SYSTEM32\ntdll.dll
0x00007ffcdddc0000 - 0x00007ffcdde7f000 	C:\Windows\System32\KERNEL32.DLL
0x00007ffcdd050000 - 0x00007ffcdd322000 	C:\Windows\System32\KERNELBASE.dll
0x00007ffcdd850000 - 0x00007ffcdd950000 	C:\Windows\System32\ucrtbase.dll
0x00007ffcd4760000 - 0x00007ffcd4777000 	C:\Users\Dark Horse\.p2\pool\plugins\org.eclipse.justj.openjdk.hotspot.jre.full.win32.x86_64_17.0.5.v20221102-0933\jre\bin\jli.dll
0x00007ffcd47e0000 - 0x00007ffcd47f9000 	C:\Users\Dark Horse\.p2\pool\plugins\org.eclipse.justj.openjdk.hotspot.jre.full.win32.x86_64_17.0.5.v20221102-0933\jre\bin\VCRUNTIME140.dll
0x00007ffcde610000 - 0x00007ffcde7b1000 	C:\Windows\System32\USER32.dll
0x00007ffcc5c10000 - 0x00007ffcc5eaa000 	C:\Windows\WinSxS\amd64_microsoft.windows.common-controls_6595b64144ccf1df_6.0.19041.1110_none_60b5254171f9507e\COMCTL32.dll
0x00007ffcdd440000 - 0x00007ffcdd462000 	C:\Windows\System32\win32u.dll
0x00007ffcde030000 - 0x00007ffcde0ce000 	C:\Windows\System32\msvcrt.dll
0x00007ffcdebb0000 - 0x00007ffcdebdb000 	C:\Windows\System32\GDI32.dll
0x00007ffcdd330000 - 0x00007ffcdd43f000 	C:\Windows\System32\gdi32full.dll
0x00007ffcdd520000 - 0x00007ffcdd5bd000 	C:\Windows\System32\msvcp_win.dll
0x00007ffcdf570000 - 0x00007ffcdf5a2000 	C:\Windows\System32\IMM32.DLL
0x00007ffcd6e60000 - 0x00007ffcd6e6c000 	C:\Users\Dark Horse\.p2\pool\plugins\org.eclipse.justj.openjdk.hotspot.jre.full.win32.x86_64_17.0.5.v20221102-0933\jre\bin\vcruntime140_1.dll
0x00007ffcbd620000 - 0x00007ffcbd6b1000 	C:\Users\Dark Horse\.p2\pool\plugins\org.eclipse.justj.openjdk.hotspot.jre.full.win32.x86_64_17.0.5.v20221102-0933\jre\bin\msvcp140.dll
0x00007ffc9ce90000 - 0x00007ffc9dad4000 	C:\Users\Dark Horse\.p2\pool\plugins\org.eclipse.justj.openjdk.hotspot.jre.full.win32.x86_64_17.0.5.v20221102-0933\jre\bin\server\jvm.dll
0x00007ffcde4b0000 - 0x00007ffcde55e000 	C:\Windows\System32\ADVAPI32.dll
0x00007ffcded10000 - 0x00007ffcdedac000 	C:\Windows\System32\sechost.dll
0x00007ffcde320000 - 0x00007ffcde445000 	C:\Windows\System32\RPCRT4.dll
0x00007ffcc3c40000 - 0x00007ffcc3c67000 	C:\Windows\SYSTEM32\WINMM.dll
0x00007ffcd82f0000 - 0x00007ffcd82f9000 	C:\Windows\SYSTEM32\WSOCK32.dll
0x00007ffcd5d40000 - 0x00007ffcd5d4a000 	C:\Windows\SYSTEM32\VERSION.dll
0x00007ffcde7c0000 - 0x00007ffcde82b000 	C:\Windows\System32\WS2_32.dll
0x00007ffcdb850000 - 0x00007ffcdb862000 	C:\Windows\SYSTEM32\kernel.appcore.dll
0x00007ffcd8280000 - 0x00007ffcd828a000 	C:\Users\Dark Horse\.p2\pool\plugins\org.eclipse.justj.openjdk.hotspot.jre.full.win32.x86_64_17.0.5.v20221102-0933\jre\bin\jimage.dll
0x00007ffcdadc0000 - 0x00007ffcdafa4000 	C:\Windows\SYSTEM32\DBGHELP.DLL
0x00007ffcc57f0000 - 0x00007ffcc5825000 	C:\Windows\SYSTEM32\dbgcore.DLL
0x00007ffcdd660000 - 0x00007ffcdd6e2000 	C:\Windows\System32\bcryptPrimitives.dll
0x00007ffcd6e90000 - 0x00007ffcd6eb5000 	C:\Users\Dark Horse\.p2\pool\plugins\org.eclipse.justj.openjdk.hotspot.jre.full.win32.x86_64_17.0.5.v20221102-0933\jre\bin\java.dll

dbghelp: loaded successfully - version: 4.0.5 - missing functions: none
symbol engine: initialized successfully - sym options: 0x614 - pdb path: .;C:\Users\Dark Horse\.p2\pool\plugins\org.eclipse.justj.openjdk.hotspot.jre.full.win32.x86_64_17.0.5.v20221102-0933\jre\bin;C:\Windows\SYSTEM32;C:\Windows\WinSxS\amd64_microsoft.windows.common-controls_6595b64144ccf1df_6.0.19041.1110_none_60b5254171f9507e;C:\Users\Dark Horse\.p2\pool\plugins\org.eclipse.justj.openjdk.hotspot.jre.full.win32.x86_64_17.0.5.v20221102-0933\jre\bin\server

VM Arguments:
jvm_args: -Dfile.encoding=UTF-8 -XX:+ShowCodeDetailsInExceptionMessages 
java_command: Vacant
java_class_path (initial): D:\NUML\Uni Semester 2\OOP\lab Code\Parking_Lot\bin
Launcher Type: SUN_STANDARD

[Global flags]
     intx CICompilerCount                          = 4                                         {product} {ergonomic}
     uint ConcGCThreads                            = 2                                         {product} {ergonomic}
     uint G1ConcRefinementThreads                  = 8                                         {product} {ergonomic}
   size_t G1HeapRegionSize                         = 1048576                                   {product} {ergonomic}
    uintx GCDrainStackTargetSize                   = 64                                        {product} {ergonomic}
   size_t InitialHeapSize                          = 132120576                                 {product} {ergonomic}
   size_t MarkStackSize                            = 4194304                                   {product} {ergonomic}
   size_t MaxHeapSize                              = 2097152000                                {product} {ergonomic}
   size_t MinHeapDeltaBytes                        = 1048576                                   {product} {ergonomic}
   size_t MinHeapSize                              = 8388608                                   {product} {ergonomic}
    uintx NonNMethodCodeHeapSize                   = 5839372                                {pd product} {ergonomic}
    uintx NonProfiledCodeHeapSize                  = 122909434                              {pd product} {ergonomic}
    uintx ProfiledCodeHeapSize                     = 122909434                              {pd product} {ergonomic}
    uintx ReservedCodeCacheSize                    = 251658240                              {pd product} {ergonomic}
     bool SegmentedCodeCache                       = true                                      {product} {ergonomic}
     bool ShowCodeDetailsInExceptionMessages       = true                                   {manageable} {command line}
   size_t SoftMaxHeapSize                          = 2097152000                             {manageable} {ergonomic}
     bool UseCompressedClassPointers               = true                           {product lp64_product} {ergonomic}
     bool UseCompressedOops                        = true                           {product lp64_product} {ergonomic}
     bool UseG1GC                                  = true                                      {product} {ergonomic}
     bool UseLargePagesIndividualAllocation        = false                                  {pd product} {ergonomic}

Logging:
Log output configuration:
 #0: stdout all=warning uptime,level,tags
 #1: stderr all=off uptime,level,tags

Environment Variables:
PATH=C:/Users/Dark Horse/.p2/pool/plugins/org.eclipse.justj.openjdk.hotspot.jre.full.win32.x86_64_17.0.5.v20221102-0933/jre/bin/server;C:/Users/Dark Horse/.p2/pool/plugins/org.eclipse.justj.openjdk.hotspot.jre.full.win32.x86_64_17.0.5.v20221102-0933/jre/bin;C:\Windows\system32;C:\Windows;C:\Windows\System32\Wbem;C:\Windows\System32\WindowsPowerShell\v1.0\;C:\Windows\System32\OpenSSH\;C:\Users\Dark Horse\AppData\Local\Microsoft\WindowsApps;;C:\Users\Dark Horse\AppData\Local\Programs\Microsoft VS Code\bin;C:\Windows\system32;
USERNAME=Dark Horse
OS=Windows_NT
PROCESSOR_IDENTIFIER=Intel64 Family 6 Model 142 Stepping 12, GenuineIntel
TMP=C:\Users\DARKHO~1\AppData\Local\Temp
TEMP=C:\Users\DARKHO~1\AppData\Local\Temp



---------------  S Y S T E M  ---------------

OS:
 Windows 10 , 64 bit Build 19041 (10.0.19041.2364)
OS uptime: 0 days 7:23 hours

CPU: total 8 (initial active 8) (4 cores per cpu, 2 threads per core) family 6 model 142 stepping 12 microcode 0xf4, cx8, cmov, fxsr, ht, mmx, 3dnowpref, sse, sse2, sse3, ssse3, sse4.1, sse4.2, popcnt, lzcnt, tsc, tscinvbit, avx, avx2, aes, erms, clmul, bmi1, bmi2, adx, fma, vzeroupper, clflush, clflushopt

Memory: 4k page, system-wide physical 7998M (1092M free)
TotalPageFile size 20417M (AvailPageFile size 5M)
current process WorkingSet (physical memory assigned to process): 10M, peak: 10M
current process commit charge ("private bytes"): 188M, peak: 190M

vm_info: OpenJDK 64-Bit Server VM (17.0.5+8) for windows-amd64 JRE (17.0.5+8), built on Oct 19 2022 04:48:13 by "temurin" with MS VC++ 16.7 (VS2019)

END.
